<?xml version="1.0" encoding="UTF-8"?>
<!-- Generated by org.testng.reporters.JUnitReportReporter -->
<testsuite hostname="LAPTOP-OGAG1L2N" failures="0" tests="2" name="com.testingshastra.UItests.homepagetests.HomePageTests" time="132.323" errors="0" timestamp="2022-01-03T21:36:45 IST" skipped="0">
  <testcase classname="com.testingshastra.UItests.homepagetests.HomePageTests" name="verifyTitleOfHomePage" time="51.025"/>
  <system-out/>
  <testcase classname="com.testingshastra.UItests.homepagetests.HomePageTests" name="validateAllLinksOfHomePage" time="81.298"/>
  <system-out/>
</testsuite> <!-- com.testingshastra.UItests.homepagetests.HomePageTests -->
